Using pre-set license
Built from '2023.2/staging' branch; Version is '2023.2.5f1 (381b4941466e) revision 3677001'; Using compiler version '193431935'; Build Type 'Release'
OS: 'Windows 11  (10.0.22621) 64bit Core' Language: 'ko' Physical Memory: 16197 MB
BatchMode: 1, IsHumanControllingUs: 0, StartBugReporterOnCrash: 0, Is64bit: 1, IsPro: 1

COMMAND LINE ARGUMENTS:
C:\Program Files\Unity\Hub\Editor\2023.2.5f1\Editor\Unity.exe
-adb2
-batchMode
-noUpm
-name
AssetImportWorker2
-projectPath
C:/Users/jimmy/Gamesprint_CardMemory_New/CardMemory
-logFile
Logs/AssetImportWorker2.log
-srvPort
64077
-job-worker-count
5
-background-job-worker-count
8
-asset-garbage-collectors
1
Successfully changed project path to: C:/Users/jimmy/Gamesprint_CardMemory_New/CardMemory
C:/Users/jimmy/Gamesprint_CardMemory_New/CardMemory
[UnityMemory] Configuration Parameters - Can be set up in boot.config
    "memorysetup-bucket-allocator-granularity=16"
    "memorysetup-bucket-allocator-bucket-count=8"
    "memorysetup-bucket-allocator-block-size=33554432"
    "memorysetup-bucket-allocator-block-count=8"
    "memorysetup-main-allocator-block-size=16777216"
    "memorysetup-thread-allocator-block-size=16777216"
    "memorysetup-gfx-main-allocator-block-size=16777216"
    "memorysetup-gfx-thread-allocator-block-size=16777216"
    "memorysetup-cache-allocator-block-size=4194304"
    "memorysetup-typetree-allocator-block-size=2097152"
    "memorysetup-profiler-bucket-allocator-granularity=16"
    "memorysetup-profiler-bucket-allocator-bucket-count=8"
    "memorysetup-profiler-bucket-allocator-block-size=33554432"
    "memorysetup-profiler-bucket-allocator-block-count=8"
    "memorysetup-profiler-allocator-block-size=16777216"
    "memorysetup-profiler-editor-allocator-block-size=1048576"
    "memorysetup-temp-allocator-size-main=16777216"
    "memorysetup-job-temp-allocator-block-size=2097152"
    "memorysetup-job-temp-allocator-block-size-background=1048576"
    "memorysetup-job-temp-allocator-reduction-small-platforms=262144"
    "memorysetup-allocator-temp-initial-block-size-main=262144"
    "memorysetup-allocator-temp-initial-block-size-worker=262144"
    "memorysetup-temp-allocator-size-background-worker=32768"
    "memorysetup-temp-allocator-size-job-worker=262144"
    "memorysetup-temp-allocator-size-preload-manager=33554432"
    "memorysetup-temp-allocator-size-nav-mesh-worker=65536"
    "memorysetup-temp-allocator-size-audio-worker=65536"
    "memorysetup-temp-allocator-size-cloud-worker=32768"
    "memorysetup-temp-allocator-size-gi-baking-worker=262144"
    "memorysetup-temp-allocator-size-gi-baking-worker=262144"
    "memorysetup-temp-allocator-size-gi-baking-worker=262144"
    "memorysetup-temp-allocator-size-gi-baking-worker=262144"
    "memorysetup-temp-allocator-size-gfx=262144"
Player connection [10792] Host "[IP] 192.168.0.3 [Port] 0 [Flags] 2 [Guid] 871202849 [EditorId] 871202849 [Version] 1048832 [Id] WindowsEditor(7,DESKTOP-JIMMY) [Debug] 1 [PackageName] WindowsEditor [ProjectName] Editor" joined multi-casting on [225.0.0.222:54997]...
Player connection [10792] Host "[IP] 192.168.0.3 [Port] 0 [Flags] 2 [Guid] 871202849 [EditorId] 871202849 [Version] 1048832 [Id] WindowsEditor(7,DESKTOP-JIMMY) [Debug] 1 [PackageName] WindowsEditor [ProjectName] Editor" joined alternative multi-casting on [225.0.0.222:34997]...
JobSystem: Creating JobQueue using job-worker-count value 5
[Physics::Module] Initialized MultithreadedJobDispatcher with 5 workers.
Library Redirect Path: Library/
Refreshing native plugins compatible for Editor in 351.29 ms, found 4 plugins.
Preloading 0 native plugins for Editor in 0.00 ms.
Initialize engine version: 2023.2.5f1 (381b4941466e)
[Subsystems] Discovering subsystems at path C:/Program Files/Unity/Hub/Editor/2023.2.5f1/Editor/Data/Resources/UnitySubsystems
[Subsystems] Discovering subsystems at path C:/Users/jimmy/Gamesprint_CardMemory_New/CardMemory/Assets
GfxDevice: creating device client; kGfxThreadingModeNonThreaded
Direct3D:
    Version:  Direct3D 11.0 [level 11.1]
    Renderer: NVIDIA GeForce RTX 3060 (ID=0x2504)
    Vendor:   NVIDIA
    VRAM:     12142 MB
    Driver:   31.0.15.1694
Initialize mono
Mono path[0] = 'C:/Program Files/Unity/Hub/Editor/2023.2.5f1/Editor/Data/Managed'
Mono path[1] = 'C:/Program Files/Unity/Hub/Editor/2023.2.5f1/Editor/Data/MonoBleedingEdge/lib/mono/unityjit-win32'
Mono config path = 'C:/Program Files/Unity/Hub/Editor/2023.2.5f1/Editor/Data/MonoBleedingEdge/etc'
Using monoOptions --debugger-agent=transport=dt_socket,embedding=1,server=y,suspend=n,address=127.0.0.1:56932
Begin MonoManager ReloadAssembly
C:\build\output\Unity-Technologies\mono\mono\metadata\icall.c:1842:
C:\build\output\Unity-Technologies\mono\mono\metadata\icall.c:1842:
C:\build\output\Unity-Technologies\mono\mono\metadata\icall.c:1842:
C:\build\output\Unity-Technologies\mono\mono\metadata\icall.c:1842:
C:\build\output\Unity-Technologies\mono\mono\metadata\icall.c:1842:
C:\build\output\Unity-Technologies\mono\mono\metadata\icall.c:1842:
C:\build\output\Unity-Technologies\mono\mono\metadata\icall.c:1842:
C:\build\output\Unity-Technologies\mono\mono\metadata\icall.c:1842:
C:\build\output\Unity-Technologies\mono\mono\metadata\icall.c:1842:
C:\build\output\Unity-Technologies\mono\mono\metadata\icall.c:1842:
Registering precompiled unity dll's ...
Register platform support module: C:/Program Files/Unity/Hub/Editor/2023.2.5f1/Editor/Data/PlaybackEngines/WindowsStandaloneSupport/UnityEditor.WindowsStandalone.Extensions.dll
Register platform support module: C:/Program Files/Unity/Hub/Editor/2023.2.5f1/Editor/Data/PlaybackEngines/AndroidPlayer/UnityEditor.Android.Extensions.dll
Registered in 0.003998 seconds.
- Loaded All Assemblies, in  0.588 seconds
Native extension for Android target not found
Android Extension - Scanning For ADB Devices 639 ms
Native extension for WindowsStandalone target not found
Mono: successfully reloaded assembly
C:\build\output\Unity-Technologies\mono\mono\metadata\icall.c:1842:
C:\build\output\Unity-Technologies\mono\mono\metadata\icall.c:1842:
- Finished resetting the current domain, in  2.611 seconds
Domain Reload Profiling: 3196ms
	BeginReloadAssembly (193ms)
		ExecutionOrderSort (0ms)
		DisableScriptedObjects (0ms)
		BackupInstance (0ms)
		ReleaseScriptingObjects (0ms)
		CreateAndSetChildDomain (1ms)
	RebuildCommonClasses (35ms)
	RebuildNativeTypeToScriptingClass (12ms)
	initialDomainReloadingComplete (53ms)
	LoadAllAssembliesAndSetupDomain (293ms)
		LoadAssemblies (192ms)
		RebuildTransferFunctionScriptingTraits (0ms)
		AnalyzeDomain (290ms)
			TypeCache.Refresh (288ms)
				TypeCache.ScanAssembly (276ms)
			BuildScriptInfoCaches (0ms)
			ResolveRequiredComponents (0ms)
	FinalizeReload (2611ms)
		ReleaseScriptCaches (0ms)
		RebuildScriptCaches (0ms)
		SetupLoadedEditorAssemblies (2563ms)
			LogAssemblyErrors (0ms)
			InitializePlatformSupportModulesInManaged (1988ms)
			SetLoadedEditorAssemblies (6ms)
			BeforeProcessingInitializeOnLoad (10ms)
			ProcessInitializeOnLoadAttributes (305ms)
			ProcessInitializeOnLoadMethodAttributes (252ms)
			AfterProcessingInitializeOnLoad (0ms)
			EditorAssembliesLoaded (0ms)
		ExecutionOrderSort2 (0ms)
		AwakeInstancesAfterBackupRestoration (0ms)
========================================================================
Worker process is ready to serve import requests
Import Worker Mode flag is 0x00
Begin MonoManager ReloadAssembly
C:\build\output\Unity-Technologies\mono\mono\metadata\icall.c:1842:
C:\build\output\Unity-Technologies\mono\mono\metadata\icall.c:1842:
C:\build\output\Unity-Technologies\mono\mono\metadata\icall.c:1842:
C:\build\output\Unity-Technologies\mono\mono\metadata\icall.c:1842:
C:\build\output\Unity-Technologies\mono\mono\metadata\icall.c:1842:
C:\build\output\Unity-Technologies\mono\mono\metadata\icall.c:1842:
C:\build\output\Unity-Technologies\mono\mono\metadata\icall.c:1842:
C:\build\output\Unity-Technologies\mono\mono\metadata\icall.c:1842:
C:\build\output\Unity-Technologies\mono\mono\metadata\icall.c:1842:
C:\build\output\Unity-Technologies\mono\mono\metadata\icall.c:1842:
C:\build\output\Unity-Technologies\mono\mono\metadata\icall.c:1842:
C:\build\output\Unity-Technologies\mono\mono\metadata\icall.c:1842:
Symbol file LoadedFromMemory doesn't match image C:\Users\jimmy\Gamesprint_CardMemory_New\CardMemory\Library\PackageCache\com.unity.visualscripting@1.8.0\Editor\VisualScripting.Core\Dependencies\YamlDotNet\Unity.VisualScripting.YamlDotNet.dll
Symbol file LoadedFromMemory doesn't match image C:\Users\jimmy\Gamesprint_CardMemory_New\CardMemory\Library\PackageCache\com.unity.visualscripting@1.8.0\Editor\VisualScripting.Core\Dependencies\DotNetZip\Unity.VisualScripting.IonicZip.dll
- Loaded All Assemblies, in 11.959 seconds
Refreshing native plugins compatible for Editor in 0.70 ms, found 4 plugins.
Native extension for Android target not found
Native extension for WindowsStandalone target not found
Mono: successfully reloaded assembly
- Finished resetting the current domain, in  0.614 seconds
Domain Reload Profiling: 12568ms
	BeginReloadAssembly (10008ms)
		ExecutionOrderSort (0ms)
		DisableScriptedObjects (5ms)
		BackupInstance (0ms)
		ReleaseScriptingObjects (0ms)
		CreateAndSetChildDomain (28ms)
	RebuildCommonClasses (33ms)
	RebuildNativeTypeToScriptingClass (13ms)
	initialDomainReloadingComplete (37ms)
	LoadAllAssembliesAndSetupDomain (1862ms)
		LoadAssemblies (667ms)
		RebuildTransferFunctionScriptingTraits (0ms)
		AnalyzeDomain (1604ms)
			TypeCache.Refresh (1575ms)
				TypeCache.ScanAssembly (555ms)
			BuildScriptInfoCaches (22ms)
			ResolveRequiredComponents (4ms)
	FinalizeReload (614ms)
		ReleaseScriptCaches (0ms)
		RebuildScriptCaches (0ms)
		SetupLoadedEditorAssemblies (464ms)
			LogAssemblyErrors (0ms)
			InitializePlatformSupportModulesInManaged (16ms)
			SetLoadedEditorAssemblies (6ms)
			BeforeProcessingInitializeOnLoad (89ms)
			ProcessInitializeOnLoadAttributes (325ms)
			ProcessInitializeOnLoadMethodAttributes (24ms)
			AfterProcessingInitializeOnLoad (4ms)
			EditorAssembliesLoaded (0ms)
		ExecutionOrderSort2 (0ms)
		AwakeInstancesAfterBackupRestoration (6ms)
Launched and connected shader compiler UnityShaderCompiler.exe after 2.02 seconds
Refreshing native plugins compatible for Editor in 0.71 ms, found 4 plugins.
Preloading 0 native plugins for Editor in 0.00 ms.
Unloading 29 Unused Serialized files (Serialized files now loaded: 0)
Unloading 4123 unused Assets / (1.2 MB). Loaded Objects now: 4704.
Memory consumption went from 126.4 MB to 125.2 MB.
Total: 3.767100 ms (FindLiveObjects: 0.284300 ms CreateObjectMapping: 0.217100 ms MarkObjects: 2.598400 ms  DeleteObjects: 0.666400 ms)

========================================================================
Received Import Request.
  Time since last request: 42445.095726 seconds.
  path: Assets/PlayingCards/Models/Clubs/Club_5.FBX
  artifactKey: Guid(fd0d7d389dfcc45429ced2b13540735e) Importer(2089858483,192608db42251d675da83286b1cce702)
Start importing Assets/PlayingCards/Models/Clubs/Club_5.FBX using Guid(fd0d7d389dfcc45429ced2b13540735e) Importer(2089858483,192608db42251d675da83286b1cce702) (ScriptedImporter)Generated GUIDs only implemented for interfaces!
 -> (artifact id: '5242fd7dd6597565a0225104bd13fc7a') in 1.4576065 seconds
Number of updated asset objects reloaded before import = 0Number of asset objects unloaded after import = 9

========================================================================
Received Import Request.
  Time since last request: 0.000047 seconds.
  path: Assets/TextMesh Pro/Resources/Fonts & Materials/LiberationSans SDF - Drop Shadow.mat
  artifactKey: Guid(e73a58f6e2794ae7b1b7e50b7fb811b0) Importer(2089858483,192608db42251d675da83286b1cce702)
Start importing Assets/TextMesh Pro/Resources/Fonts & Materials/LiberationSans SDF - Drop Shadow.mat using Guid(e73a58f6e2794ae7b1b7e50b7fb811b0) Importer(2089858483,192608db42251d675da83286b1cce702) (ScriptedImporter)Generated GUIDs only implemented for interfaces!
 -> (artifact id: '199d134b14b8421af2a51c75d38143fb') in 0.1809537 seconds
Number of updated asset objects reloaded before import = 0Number of asset objects unloaded after import = 2

========================================================================
Received Import Request.
  Time since last request: 0.000025 seconds.
  path: Assets/PlayingCards/Models/Etc/PlasticCardRed.FBX
  artifactKey: Guid(f38f5ff3595108e4e895966af1bcb291) Importer(2089858483,192608db42251d675da83286b1cce702)
Start importing Assets/PlayingCards/Models/Etc/PlasticCardRed.FBX using Guid(f38f5ff3595108e4e895966af1bcb291) Importer(2089858483,192608db42251d675da83286b1cce702) (ScriptedImporter)Generated GUIDs only implemented for interfaces!
 -> (artifact id: 'f27ce8d04d81cc9e05893c411b0d2648') in 0.5025276 seconds
Number of updated asset objects reloaded before import = 0Number of asset objects unloaded after import = 9

========================================================================
Received Import Request.
  Time since last request: 0.000093 seconds.
  path: Assets/TextMesh Pro/Shaders/TMPro.cginc
  artifactKey: Guid(407bc68d299748449bbf7f48ee690f8d) Importer(2089858483,192608db42251d675da83286b1cce702)
Start importing Assets/TextMesh Pro/Shaders/TMPro.cginc using Guid(407bc68d299748449bbf7f48ee690f8d) Importer(2089858483,192608db42251d675da83286b1cce702) (ScriptedImporter)Generated GUIDs only implemented for interfaces!
 -> (artifact id: '65c099d88da292c1bacc150a1200cd8c') in 1.0796962 seconds
Number of updated asset objects reloaded before import = 0Number of asset objects unloaded after import = 1

========================================================================
Received Import Request.
  Time since last request: 0.000088 seconds.
  path: Assets/FC User Interface SFX [Lite]/Documentation/README.txt
  artifactKey: Guid(4c5653a803b59459f9b6935069941db8) Importer(2089858483,192608db42251d675da83286b1cce702)
Start importing Assets/FC User Interface SFX [Lite]/Documentation/README.txt using Guid(4c5653a803b59459f9b6935069941db8) Importer(2089858483,192608db42251d675da83286b1cce702) (ScriptedImporter)Generated GUIDs only implemented for interfaces!
 -> (artifact id: '47fe517a816fe9061bfa5cf71f42c41b') in 1.0482269 seconds
Number of updated asset objects reloaded before import = 0Number of asset objects unloaded after import = 1

========================================================================
Received Import Request.
  Time since last request: 0.000323 seconds.
  path: Assets/FC User Interface SFX [Lite]/SFX/UI Click 14.wav
  artifactKey: Guid(53c9e231694fb4bf4b9f7bbf6d3bc5a7) Importer(2089858483,192608db42251d675da83286b1cce702)
Start importing Assets/FC User Interface SFX [Lite]/SFX/UI Click 14.wav using Guid(53c9e231694fb4bf4b9f7bbf6d3bc5a7) Importer(2089858483,192608db42251d675da83286b1cce702) (ScriptedImporter)Generated GUIDs only implemented for interfaces!
 -> (artifact id: 'be93a01826952740126a28e52bbf5ff4') in 0.290132 seconds
Number of updated asset objects reloaded before import = 0Number of asset objects unloaded after import = 1

========================================================================
Received Import Request.
  Time since last request: 0.000150 seconds.
  path: Assets/PlayingCards/Textures/card_list_2d.png
  artifactKey: Guid(3924dd0449c173e4aa69d07bdb73d5ed) Importer(2089858483,192608db42251d675da83286b1cce702)
Start importing Assets/PlayingCards/Textures/card_list_2d.png using Guid(3924dd0449c173e4aa69d07bdb73d5ed) Importer(2089858483,192608db42251d675da83286b1cce702) (ScriptedImporter)Generated GUIDs only implemented for interfaces!
 -> (artifact id: 'cbe78e3431052f427d36ef2a5d39c80b') in 1.2066258 seconds
Number of updated asset objects reloaded before import = 0Number of asset objects unloaded after import = 62

========================================================================
Received Import Request.
  Time since last request: 332.119188 seconds.
  path: Assets/Font/Maplestory OTF Bold.otf
  artifactKey: Guid(9f4943a996e6643b29625258d3434ce0) Importer(2089858483,192608db42251d675da83286b1cce702)
Start importing Assets/Font/Maplestory OTF Bold.otf using Guid(9f4943a996e6643b29625258d3434ce0) Importer(2089858483,192608db42251d675da83286b1cce702) (ScriptedImporter)Generated GUIDs only implemented for interfaces!
 -> (artifact id: '142077f2e10fb9ec615effa037e9a095') in 0.8029269 seconds
Number of updated asset objects reloaded before import = 0Number of asset objects unloaded after import = 3

========================================================================
Received Import Request.
  Time since last request: 0.000026 seconds.
  path: Assets/Script/TimeControl.cs
  artifactKey: Guid(734ef7fa4edd7774c909af0ad21ac197) Importer(2089858483,192608db42251d675da83286b1cce702)
Start importing Assets/Script/TimeControl.cs using Guid(734ef7fa4edd7774c909af0ad21ac197) Importer(2089858483,192608db42251d675da83286b1cce702) (ScriptedImporter)Generated GUIDs only implemented for interfaces!
 -> (artifact id: 'dbe773e13aa20a8b573a1e95b5f8351d') in 0.0658482 seconds
Number of updated asset objects reloaded before import = 0Number of asset objects unloaded after import = 0

========================================================================
Received Import Request.
  Time since last request: 0.000129 seconds.
  path: Assets/PlayingCards/Prefabs/2D/Hearts/Heart_4.prefab
  artifactKey: Guid(2622b6bbe79ecfb41a7079da235b20ee) Importer(2089858483,192608db42251d675da83286b1cce702)
Start importing Assets/PlayingCards/Prefabs/2D/Hearts/Heart_4.prefab using Guid(2622b6bbe79ecfb41a7079da235b20ee) Importer(2089858483,192608db42251d675da83286b1cce702) (ScriptedImporter)Generated GUIDs only implemented for interfaces!
 -> (artifact id: '1d53bb4f419f130764a91518a953e425') in 0.2601869 seconds
Number of updated asset objects reloaded before import = 0Number of asset objects unloaded after import = 13

========================================================================
Received Import Request.
  Time since last request: 0.000021 seconds.
  path: Assets/PlayingCards/Prefabs/2D/Hearts/Heart_K.prefab
  artifactKey: Guid(1590f9e09fb11884dafe3692a886e01d) Importer(2089858483,192608db42251d675da83286b1cce702)
Start importing Assets/PlayingCards/Prefabs/2D/Hearts/Heart_K.prefab using Guid(1590f9e09fb11884dafe3692a886e01d) Importer(2089858483,192608db42251d675da83286b1cce702) (ScriptedImporter)Generated GUIDs only implemented for interfaces!
 -> (artifact id: '0d96da9e2afa0f2265b13e7d209c549f') in 0.3158247 seconds
Number of updated asset objects reloaded before import = 0Number of asset objects unloaded after import = 13

========================================================================
Received Import Request.
  Time since last request: 0.000028 seconds.
  path: Assets/PlayingCards/Prefabs/2D/Diamonds/Diamond_A.prefab
  artifactKey: Guid(6bab540b0ab29724191da98c5315ba3e) Importer(2089858483,192608db42251d675da83286b1cce702)
Start importing Assets/PlayingCards/Prefabs/2D/Diamonds/Diamond_A.prefab using Guid(6bab540b0ab29724191da98c5315ba3e) Importer(2089858483,192608db42251d675da83286b1cce702) (ScriptedImporter)Generated GUIDs only implemented for interfaces!
 -> (artifact id: 'b78efc191657a4f1fb60e52a3ef3ad74') in 0.4388223 seconds
Number of updated asset objects reloaded before import = 0Number of asset objects unloaded after import = 13

========================================================================
Received Import Request.
  Time since last request: 0.000017 seconds.
  path: Assets/PlayingCards/Prefabs/3D/Clubs/Club_10.prefab
  artifactKey: Guid(14aeda50e9db3364f86ce22f3ab31f78) Importer(2089858483,192608db42251d675da83286b1cce702)
Start importing Assets/PlayingCards/Prefabs/3D/Clubs/Club_10.prefab using Guid(14aeda50e9db3364f86ce22f3ab31f78) Importer(2089858483,192608db42251d675da83286b1cce702) (ScriptedImporter)Generated GUIDs only implemented for interfaces!
 -> (artifact id: '7aff5fad1371e77cd70255d4f3378784') in 0.0845848 seconds
Number of updated asset objects reloaded before import = 0Number of asset objects unloaded after import = 7

========================================================================
Received Import Request.
  Time since last request: 0.000022 seconds.
  path: Assets/PlayingCards/Prefabs/2D/Spades/Spade_8.prefab
  artifactKey: Guid(74626a201a19e0d40bcfee14836e3e9b) Importer(2089858483,192608db42251d675da83286b1cce702)
Start importing Assets/PlayingCards/Prefabs/2D/Spades/Spade_8.prefab using Guid(74626a201a19e0d40bcfee14836e3e9b) Importer(2089858483,192608db42251d675da83286b1cce702) (ScriptedImporter)Generated GUIDs only implemented for interfaces!
 -> (artifact id: 'a3540f60c5ab94024ee5c21eba1c7c1a') in 0.1938137 seconds
Number of updated asset objects reloaded before import = 0Number of asset objects unloaded after import = 13

========================================================================
Received Import Request.
  Time since last request: 0.000018 seconds.
  path: Assets/PlayingCards/Prefabs/3D/Clubs/Club_4.prefab
  artifactKey: Guid(d5207304e1b81474fbf8f4ba358dbb29) Importer(2089858483,192608db42251d675da83286b1cce702)
Start importing Assets/PlayingCards/Prefabs/3D/Clubs/Club_4.prefab using Guid(d5207304e1b81474fbf8f4ba358dbb29) Importer(2089858483,192608db42251d675da83286b1cce702) (ScriptedImporter)Generated GUIDs only implemented for interfaces!
 -> (artifact id: '83db3d8c4362071b82e63ede9d6ce31a') in 0.3029196 seconds
Number of updated asset objects reloaded before import = 0Number of asset objects unloaded after import = 7

========================================================================
Received Import Request.
  Time since last request: 0.000024 seconds.
  path: Assets/PlayingCards/Prefabs/3D/Clubs/Club_8.prefab
  artifactKey: Guid(c9931965c7c93c04887c6b5606b6efb4) Importer(2089858483,192608db42251d675da83286b1cce702)
Start importing Assets/PlayingCards/Prefabs/3D/Clubs/Club_8.prefab using Guid(c9931965c7c93c04887c6b5606b6efb4) Importer(2089858483,192608db42251d675da83286b1cce702) (ScriptedImporter)Generated GUIDs only implemented for interfaces!
 -> (artifact id: '389b4f5ed7af9f5b8689f18be49fcebf') in 0.3249871 seconds
Number of updated asset objects reloaded before import = 0Number of asset objects unloaded after import = 7

========================================================================
Received Import Request.
  Time since last request: 0.000017 seconds.
  path: Assets/PlayingCards/Prefabs/2D/Hearts/Heart_J.prefab
  artifactKey: Guid(8153f339217d9144f8336c389640b5db) Importer(2089858483,192608db42251d675da83286b1cce702)
Start importing Assets/PlayingCards/Prefabs/2D/Hearts/Heart_J.prefab using Guid(8153f339217d9144f8336c389640b5db) Importer(2089858483,192608db42251d675da83286b1cce702) (ScriptedImporter)Generated GUIDs only implemented for interfaces!
 -> (artifact id: '7d55941d7089b32fcb53e8c0bf2f3c6b') in 0.2429818 seconds
Number of updated asset objects reloaded before import = 0Number of asset objects unloaded after import = 13

========================================================================
Received Import Request.
  Time since last request: 0.000027 seconds.
  path: Assets/PlayingCards/Prefabs/3D/Clubs/Club_2.prefab
  artifactKey: Guid(f78634f111192e549829bcb283b33fe3) Importer(2089858483,192608db42251d675da83286b1cce702)
Start importing Assets/PlayingCards/Prefabs/3D/Clubs/Club_2.prefab using Guid(f78634f111192e549829bcb283b33fe3) Importer(2089858483,192608db42251d675da83286b1cce702) (ScriptedImporter)Generated GUIDs only implemented for interfaces!
 -> (artifact id: '27f15908ce54e7e6fcbc23053ee8683c') in 0.2016484 seconds
Number of updated asset objects reloaded before import = 0Number of asset objects unloaded after import = 7

========================================================================
Received Import Request.
  Time since last request: 0.000037 seconds.
  path: Assets/FC User Interface SFX [Lite]/SFX/UI Click 8.wav
  artifactKey: Guid(df23b146d37654470b39e2e88cb4444e) Importer(2089858483,192608db42251d675da83286b1cce702)
Start importing Assets/FC User Interface SFX [Lite]/SFX/UI Click 8.wav using Guid(df23b146d37654470b39e2e88cb4444e) Importer(2089858483,192608db42251d675da83286b1cce702) (ScriptedImporter)Generated GUIDs only implemented for interfaces!
 -> (artifact id: 'dca4e5b49ca465f58bcd589bc5e0773f') in 0.3159045 seconds
Number of updated asset objects reloaded before import = 0Number of asset objects unloaded after import = 1

========================================================================
Received Import Request.
  Time since last request: 0.000047 seconds.
  path: Assets/PlayingCards/Prefabs/3D/Diamonds/Diamond_2.prefab
  artifactKey: Guid(9671817e5a3eec54a9c6ca5abf36c949) Importer(2089858483,192608db42251d675da83286b1cce702)
Start importing Assets/PlayingCards/Prefabs/3D/Diamonds/Diamond_2.prefab using Guid(9671817e5a3eec54a9c6ca5abf36c949) Importer(2089858483,192608db42251d675da83286b1cce702) (ScriptedImporter)Generated GUIDs only implemented for interfaces!
 -> (artifact id: 'af58ceeffb5b2d2177ffa9162500a9df') in 0.2368252 seconds
Number of updated asset objects reloaded before import = 0Number of asset objects unloaded after import = 7

========================================================================
Received Import Request.
  Time since last request: 0.000017 seconds.
  path: Assets/PlayingCards/Prefabs/2D/Hearts/Heart_10.prefab
  artifactKey: Guid(c350a7f4fbb56804d81398a3041ae39e) Importer(2089858483,192608db42251d675da83286b1cce702)
Start importing Assets/PlayingCards/Prefabs/2D/Hearts/Heart_10.prefab using Guid(c350a7f4fbb56804d81398a3041ae39e) Importer(2089858483,192608db42251d675da83286b1cce702) (ScriptedImporter)Generated GUIDs only implemented for interfaces!
 -> (artifact id: '31295e3a4e652380958fccabce3a1000') in 0.1724423 seconds
Number of updated asset objects reloaded before import = 0Number of asset objects unloaded after import = 13

========================================================================
Received Import Request.
  Time since last request: 0.000024 seconds.
  path: Assets/PlayingCards/Prefabs/3D/Diamonds/Diamond_9.prefab
  artifactKey: Guid(90d3d708982eeb44d97cd9cfbb6ca051) Importer(2089858483,192608db42251d675da83286b1cce702)
Start importing Assets/PlayingCards/Prefabs/3D/Diamonds/Diamond_9.prefab using Guid(90d3d708982eeb44d97cd9cfbb6ca051) Importer(2089858483,192608db42251d675da83286b1cce702) (ScriptedImporter)Generated GUIDs only implemented for interfaces!
 -> (artifact id: '57f4abd354779af279a78c2396515166') in 0.2451267 seconds
Number of updated asset objects reloaded before import = 0Number of asset objects unloaded after import = 7

========================================================================
Received Import Request.
  Time since last request: 0.000024 seconds.
  path: Assets/PlayingCards/Models/Spades/Spade_Q.FBX
  artifactKey: Guid(308c11a419c19b94fbb98d9da577bf98) Importer(2089858483,192608db42251d675da83286b1cce702)
Start importing Assets/PlayingCards/Models/Spades/Spade_Q.FBX using Guid(308c11a419c19b94fbb98d9da577bf98) Importer(2089858483,192608db42251d675da83286b1cce702) (ScriptedImporter)Generated GUIDs only implemented for interfaces!
 -> (artifact id: '01cec779775c54b0861c479606556e98') in 0.0899579 seconds
Number of updated asset objects reloaded before import = 0Number of asset objects unloaded after import = 9

========================================================================
Received Import Request.
  Time since last request: 0.000019 seconds.
  path: Assets/PlayingCards/Prefabs/2D/Diamonds/Diamond_10.prefab
  artifactKey: Guid(21d99929f1570174e8379a3d27c03798) Importer(2089858483,192608db42251d675da83286b1cce702)
Start importing Assets/PlayingCards/Prefabs/2D/Diamonds/Diamond_10.prefab using Guid(21d99929f1570174e8379a3d27c03798) Importer(2089858483,192608db42251d675da83286b1cce702) (ScriptedImporter)Generated GUIDs only implemented for interfaces!
 -> (artifact id: '9f6793b7b1230589d33580cac331ea80') in 0.1731027 seconds
Number of updated asset objects reloaded before import = 0Number of asset objects unloaded after import = 13

========================================================================
Received Import Request.
  Time since last request: 0.000022 seconds.
  path: Assets/PlayingCards/ReadMe/ReadMe.txt
  artifactKey: Guid(413ad88ce7037464b9a9afdac16eb6bb) Importer(2089858483,192608db42251d675da83286b1cce702)
Start importing Assets/PlayingCards/ReadMe/ReadMe.txt using Guid(413ad88ce7037464b9a9afdac16eb6bb) Importer(2089858483,192608db42251d675da83286b1cce702) (ScriptedImporter)Generated GUIDs only implemented for interfaces!
 -> (artifact id: '0d8cf9e3f381e3c50ab9370c4bad9039') in 0.392514 seconds
Number of updated asset objects reloaded before import = 0Number of asset objects unloaded after import = 1

========================================================================
Received Import Request.
  Time since last request: 0.000077 seconds.
  path: Assets/PlayingCards/Prefabs/2D/Hearts/Heart_2.prefab
  artifactKey: Guid(6cab7211dc6d32b42b81fb89fda9807c) Importer(2089858483,192608db42251d675da83286b1cce702)
Start importing Assets/PlayingCards/Prefabs/2D/Hearts/Heart_2.prefab using Guid(6cab7211dc6d32b42b81fb89fda9807c) Importer(2089858483,192608db42251d675da83286b1cce702) (ScriptedImporter)Generated GUIDs only implemented for interfaces!
 -> (artifact id: 'a2adf60fd108af3647b1c90bab0d3748') in 0.4214664 seconds
Number of updated asset objects reloaded before import = 0Number of asset objects unloaded after import = 13

========================================================================
Received Import Request.
  Time since last request: 0.000017 seconds.
  path: Assets/PlayingCards/Prefabs/3D/Hearts/Heart_10.prefab
  artifactKey: Guid(5439016d61bc7774d9775472799c3643) Importer(2089858483,192608db42251d675da83286b1cce702)
Start importing Assets/PlayingCards/Prefabs/3D/Hearts/Heart_10.prefab using Guid(5439016d61bc7774d9775472799c3643) Importer(2089858483,192608db42251d675da83286b1cce702) (ScriptedImporter)Generated GUIDs only implemented for interfaces!
 -> (artifact id: 'be8a850d20d41a445cd53dbab3f65377') in 0.49051 seconds
Number of updated asset objects reloaded before import = 0Number of asset objects unloaded after import = 7

========================================================================
Received Import Request.
  Time since last request: 0.000020 seconds.
  path: Assets/Prefab/Token2.prefab
  artifactKey: Guid(81bdaf48f84554560929c734b119822b) Importer(2089858483,192608db42251d675da83286b1cce702)
Start importing Assets/Prefab/Token2.prefab using Guid(81bdaf48f84554560929c734b119822b) Importer(2089858483,192608db42251d675da83286b1cce702) (ScriptedImporter)Generated GUIDs only implemented for interfaces!
 -> (artifact id: 'f64c7f2bd7bf642aaf0a8ce587f487f8') in 0.172408 seconds
Number of updated asset objects reloaded before import = 0Number of asset objects unloaded after import = 9

========================================================================
Received Import Request.
  Time since last request: 0.000016 seconds.
  path: Assets/TextMesh Pro/Shaders/TMP_SDF-Mobile-2-Pass.shader
  artifactKey: Guid(0178fcb869bafef4690d177d31d17db8) Importer(2089858483,192608db42251d675da83286b1cce702)
Start importing Assets/TextMesh Pro/Shaders/TMP_SDF-Mobile-2-Pass.shader using Guid(0178fcb869bafef4690d177d31d17db8) Importer(2089858483,192608db42251d675da83286b1cce702) (ScriptedImporter)Generated GUIDs only implemented for interfaces!
 -> (artifact id: 'cc1909b9005901cb19a5f12cfbf9088c') in 0.1097309 seconds
Number of updated asset objects reloaded before import = 0Number of asset objects unloaded after import = 1

========================================================================
Received Import Request.
  Time since last request: 0.000081 seconds.
  path: Assets/PlayingCards/Prefabs/3D/Hearts/Heart_J.prefab
  artifactKey: Guid(04dc28052070b2d4c9d02afcc06eb51c) Importer(2089858483,192608db42251d675da83286b1cce702)
Start importing Assets/PlayingCards/Prefabs/3D/Hearts/Heart_J.prefab using Guid(04dc28052070b2d4c9d02afcc06eb51c) Importer(2089858483,192608db42251d675da83286b1cce702) (ScriptedImporter)Generated GUIDs only implemented for interfaces!
 -> (artifact id: 'f7e5e9e308ed2f0cd2c2494854b5a3ff') in 0.2474856 seconds
Number of updated asset objects reloaded before import = 0Number of asset objects unloaded after import = 7

========================================================================
Received Import Request.
  Time since last request: 0.000016 seconds.
  path: Assets/PlayingCards/Models/Clubs/Club_J.FBX
  artifactKey: Guid(7b87973adcb750f4686fb84256a7726f) Importer(2089858483,192608db42251d675da83286b1cce702)
Start importing Assets/PlayingCards/Models/Clubs/Club_J.FBX using Guid(7b87973adcb750f4686fb84256a7726f) Importer(2089858483,192608db42251d675da83286b1cce702) (ScriptedImporter)Generated GUIDs only implemented for interfaces!
 -> (artifact id: '10317ad6af1890f7c5fcba65398e3915') in 0.0906992 seconds
Number of updated asset objects reloaded before import = 0Number of asset objects unloaded after import = 9

========================================================================
Received Import Request.
  Time since last request: 0.000024 seconds.
  path: Assets/PlayingCards/Models/Hearts/Heart_5.FBX
  artifactKey: Guid(57be8ad8ba843cf42b3adce07121dbfe) Importer(2089858483,192608db42251d675da83286b1cce702)
Start importing Assets/PlayingCards/Models/Hearts/Heart_5.FBX using Guid(57be8ad8ba843cf42b3adce07121dbfe) Importer(2089858483,192608db42251d675da83286b1cce702) (ScriptedImporter)Generated GUIDs only implemented for interfaces!
 -> (artifact id: '7209a9ad2265a62be9e9aceca6066861') in 0.1585691 seconds
Number of updated asset objects reloaded before import = 0Number of asset objects unloaded after import = 9

========================================================================
Received Import Request.
  Time since last request: 0.000024 seconds.
  path: Assets/PlayingCards/Prefabs/3D/Spades/Spade_6.prefab
  artifactKey: Guid(90256f19d0ebc854a8d06b0e6d50b579) Importer(2089858483,192608db42251d675da83286b1cce702)
Start importing Assets/PlayingCards/Prefabs/3D/Spades/Spade_6.prefab using Guid(90256f19d0ebc854a8d06b0e6d50b579) Importer(2089858483,192608db42251d675da83286b1cce702) (ScriptedImporter)Generated GUIDs only implemented for interfaces!
 -> (artifact id: '21a4dc10564b827990b474ce7bedb5fc') in 0.217729 seconds
Number of updated asset objects reloaded before import = 0Number of asset objects unloaded after import = 7

========================================================================
Received Import Request.
  Time since last request: 0.000018 seconds.
  path: Assets/PlayingCards/Prefabs/2D/Spades/Spade_4.prefab
  artifactKey: Guid(dead6f1af7240054286fff07b9c2b9d7) Importer(2089858483,192608db42251d675da83286b1cce702)
Start importing Assets/PlayingCards/Prefabs/2D/Spades/Spade_4.prefab using Guid(dead6f1af7240054286fff07b9c2b9d7) Importer(2089858483,192608db42251d675da83286b1cce702) (ScriptedImporter)Generated GUIDs only implemented for interfaces!
 -> (artifact id: '5b0ef9ec2b73850dec81fd7d87189a03') in 0.3477989 seconds
Number of updated asset objects reloaded before import = 0Number of asset objects unloaded after import = 13

========================================================================
Received Import Request.
  Time since last request: 0.000028 seconds.
  path: Assets/PlayingCards/Models/Spades/Spade_5.FBX
  artifactKey: Guid(9f98b7f59d73b6c40bbaffa02cea596a) Importer(2089858483,192608db42251d675da83286b1cce702)
Start importing Assets/PlayingCards/Models/Spades/Spade_5.FBX using Guid(9f98b7f59d73b6c40bbaffa02cea596a) Importer(2089858483,192608db42251d675da83286b1cce702) (ScriptedImporter)Generated GUIDs only implemented for interfaces!
 -> (artifact id: 'c1c5feb409c91b7383502b5cba3e1e0b') in 0.4989071 seconds
Number of updated asset objects reloaded before import = 0Number of asset objects unloaded after import = 9

========================================================================
Received Import Request.
  Time since last request: 0.000081 seconds.
  path: Assets/PlayingCards/Prefabs/2D/Diamonds/Diamond_9.prefab
  artifactKey: Guid(0b6f70910dcd53e46ba3c798ac476b4a) Importer(2089858483,192608db42251d675da83286b1cce702)
Start importing Assets/PlayingCards/Prefabs/2D/Diamonds/Diamond_9.prefab using Guid(0b6f70910dcd53e46ba3c798ac476b4a) Importer(2089858483,192608db42251d675da83286b1cce702) (ScriptedImporter)Generated GUIDs only implemented for interfaces!
 -> (artifact id: 'c98fc9e5ca1b0ffbd3bb7d4b12d459f1') in 0.2381303 seconds
Number of updated asset objects reloaded before import = 0Number of asset objects unloaded after import = 13

========================================================================
Received Import Request.
  Time since last request: 0.000022 seconds.
  path: Assets/PlayingCards/Models/Diamonds/Diamond_10.FBX
  artifactKey: Guid(00670d337064ef14f94d739089b46f43) Importer(2089858483,192608db42251d675da83286b1cce702)
Start importing Assets/PlayingCards/Models/Diamonds/Diamond_10.FBX using Guid(00670d337064ef14f94d739089b46f43) Importer(2089858483,192608db42251d675da83286b1cce702) (ScriptedImporter)Generated GUIDs only implemented for interfaces!
 -> (artifact id: 'e37a593c3e13f548803a97964c121b31') in 0.1963716 seconds
Number of updated asset objects reloaded before import = 0Number of asset objects unloaded after import = 9

========================================================================
Received Import Request.
  Time since last request: 0.000045 seconds.
  path: Assets/PlayingCards/Models/Hearts/Heart_10.FBX
  artifactKey: Guid(08ab81f642dfab94888ecd4f4d535762) Importer(2089858483,192608db42251d675da83286b1cce702)
Start importing Assets/PlayingCards/Models/Hearts/Heart_10.FBX using Guid(08ab81f642dfab94888ecd4f4d535762) Importer(2089858483,192608db42251d675da83286b1cce702) (ScriptedImporter)Generated GUIDs only implemented for interfaces!
 -> (artifact id: 'bce4ca000ba6fccf690b5a5c6dc187fe') in 0.0348286 seconds
Number of updated asset objects reloaded before import = 0Number of asset objects unloaded after import = 9

========================================================================
Received Import Request.
  Time since last request: 0.000015 seconds.
  path: Assets/PlayingCards/Prefabs/3D/Clubs/Club_9.prefab
  artifactKey: Guid(6c3e034718876214f9203da5c31efcbe) Importer(2089858483,192608db42251d675da83286b1cce702)
Start importing Assets/PlayingCards/Prefabs/3D/Clubs/Club_9.prefab using Guid(6c3e034718876214f9203da5c31efcbe) Importer(2089858483,192608db42251d675da83286b1cce702) (ScriptedImporter)Generated GUIDs only implemented for interfaces!
 -> (artifact id: 'd2954aad45bdeae5cff3af91aed5e581') in 0.14933 seconds
Number of updated asset objects reloaded before import = 0Number of asset objects unloaded after import = 7

========================================================================
Received Import Request.
  Time since last request: 0.000015 seconds.
  path: Assets/FC User Interface SFX [Lite]/SFX/UI Click 15.wav
  artifactKey: Guid(ef669a1b5273c4dd29d968d26ea198c0) Importer(2089858483,192608db42251d675da83286b1cce702)
Start importing Assets/FC User Interface SFX [Lite]/SFX/UI Click 15.wav using Guid(ef669a1b5273c4dd29d968d26ea198c0) Importer(2089858483,192608db42251d675da83286b1cce702) (ScriptedImporter)Generated GUIDs only implemented for interfaces!
 -> (artifact id: '741f90f4b53f9cec9b062facef41920c') in 0.5092574 seconds
Number of updated asset objects reloaded before import = 0Number of asset objects unloaded after import = 1

========================================================================
Received Import Request.
  Time since last request: 0.000062 seconds.
  path: Assets/PlayingCards/Prefabs/3D/Clubs/Club_6.prefab
  artifactKey: Guid(d130bc835183ad24caba48ab16c6ce38) Importer(2089858483,192608db42251d675da83286b1cce702)
Start importing Assets/PlayingCards/Prefabs/3D/Clubs/Club_6.prefab using Guid(d130bc835183ad24caba48ab16c6ce38) Importer(2089858483,192608db42251d675da83286b1cce702) (ScriptedImporter)Generated GUIDs only implemented for interfaces!
 -> (artifact id: '2c1fb8c4192c8c3ca90098d0c3136acc') in 0.1510344 seconds
Number of updated asset objects reloaded before import = 0Number of asset objects unloaded after import = 7

========================================================================
Received Import Request.
  Time since last request: 0.000018 seconds.
  path: Assets/PlayingCards/Prefabs/3D/Hearts/Heart_K.prefab
  artifactKey: Guid(ce4733ff9efa84b4dbcb394b68bded0d) Importer(2089858483,192608db42251d675da83286b1cce702)
Start importing Assets/PlayingCards/Prefabs/3D/Hearts/Heart_K.prefab using Guid(ce4733ff9efa84b4dbcb394b68bded0d) Importer(2089858483,192608db42251d675da83286b1cce702) (ScriptedImporter)Generated GUIDs only implemented for interfaces!
 -> (artifact id: 'd52bdf8b73ef86125e911e059ac413b3') in 0.2866166 seconds
Number of updated asset objects reloaded before import = 0Number of asset objects unloaded after import = 7

========================================================================
Received Import Request.
  Time since last request: 0.000021 seconds.
  path: Assets/PlayingCards/Prefabs/2D/Hearts/Heart_3.prefab
  artifactKey: Guid(db8871bbc14ad1a468acb8eabf2eff00) Importer(2089858483,192608db42251d675da83286b1cce702)
Start importing Assets/PlayingCards/Prefabs/2D/Hearts/Heart_3.prefab using Guid(db8871bbc14ad1a468acb8eabf2eff00) Importer(2089858483,192608db42251d675da83286b1cce702) (ScriptedImporter)Generated GUIDs only implemented for interfaces!
 -> (artifact id: 'aad6693ab5534eeb6dc4fc848b29536a') in 0.186298 seconds
Number of updated asset objects reloaded before import = 0Number of asset objects unloaded after import = 13

========================================================================
Received Import Request.
  Time since last request: 0.000026 seconds.
  path: Assets/PlayingCards/Prefabs/2D/Hearts/Heart_6.prefab
  artifactKey: Guid(3cbe1accaa0090f4bb131e56f9f1bc65) Importer(2089858483,192608db42251d675da83286b1cce702)
Start importing Assets/PlayingCards/Prefabs/2D/Hearts/Heart_6.prefab using Guid(3cbe1accaa0090f4bb131e56f9f1bc65) Importer(2089858483,192608db42251d675da83286b1cce702) (ScriptedImporter)Generated GUIDs only implemented for interfaces!
 -> (artifact id: 'fdd29edb195bb7b06f9cb958b79e8549') in 0.3291184 seconds
Number of updated asset objects reloaded before import = 0Number of asset objects unloaded after import = 13

========================================================================
Received Import Request.
  Time since last request: 0.000067 seconds.
  path: Assets/PlayingCards/Prefabs/2D/Etc/PlasticCard.prefab
  artifactKey: Guid(a76337c12b4157d4891453fd0e44ed79) Importer(2089858483,192608db42251d675da83286b1cce702)
Start importing Assets/PlayingCards/Prefabs/2D/Etc/PlasticCard.prefab using Guid(a76337c12b4157d4891453fd0e44ed79) Importer(2089858483,192608db42251d675da83286b1cce702) (ScriptedImporter)Generated GUIDs only implemented for interfaces!
 -> (artifact id: '368d28aa38f3f2a9c83867dcfec829bf') in 0.3047692 seconds
Number of updated asset objects reloaded before import = 0Number of asset objects unloaded after import = 12

========================================================================
Received Import Request.
  Time since last request: 0.000016 seconds.
  path: Assets/PlayingCards/Prefabs/2D/Hearts/Heart_8.prefab
  artifactKey: Guid(ef9b926b6abfbb54bb62ea65e9fbff6c) Importer(2089858483,192608db42251d675da83286b1cce702)
Start importing Assets/PlayingCards/Prefabs/2D/Hearts/Heart_8.prefab using Guid(ef9b926b6abfbb54bb62ea65e9fbff6c) Importer(2089858483,192608db42251d675da83286b1cce702) (ScriptedImporter)Generated GUIDs only implemented for interfaces!
 -> (artifact id: '941362a47b9a6e96384f691bde11e872') in 0.2244402 seconds
Number of updated asset objects reloaded before import = 0Number of asset objects unloaded after import = 13

========================================================================
Received Import Request.
  Time since last request: 0.000024 seconds.
  path: Assets/PlayingCards/Prefabs/2D/Diamonds/Diamond_K.prefab
  artifactKey: Guid(0c71d53a5716f3a45a2eec532ca69701) Importer(2089858483,192608db42251d675da83286b1cce702)
Start importing Assets/PlayingCards/Prefabs/2D/Diamonds/Diamond_K.prefab using Guid(0c71d53a5716f3a45a2eec532ca69701) Importer(2089858483,192608db42251d675da83286b1cce702) (ScriptedImporter)Generated GUIDs only implemented for interfaces!
 -> (artifact id: '4cbf5d8fc38c827f78034e3e211ec76b') in 0.1500948 seconds
Number of updated asset objects reloaded before import = 0Number of asset objects unloaded after import = 13

========================================================================
Received Import Request.
  Time since last request: 0.000019 seconds.
  path: Assets/PlayingCards/Prefabs/2D/Etc/BlackJoker.prefab
  artifactKey: Guid(7a050ac682da9ba46a0b107c8618f5f3) Importer(2089858483,192608db42251d675da83286b1cce702)
Start importing Assets/PlayingCards/Prefabs/2D/Etc/BlackJoker.prefab using Guid(7a050ac682da9ba46a0b107c8618f5f3) Importer(2089858483,192608db42251d675da83286b1cce702) (ScriptedImporter)Generated GUIDs only implemented for interfaces!
 -> (artifact id: '904a8f962b73da10d126f3d5a5a55350') in 0.1209131 seconds
Number of updated asset objects reloaded before import = 0Number of asset objects unloaded after import = 13

========================================================================
Received Import Request.
  Time since last request: 0.000030 seconds.
  path: Assets/PlayingCards/Prefabs/2D/Hearts/Heart_Q.prefab
  artifactKey: Guid(96b9e472cd3b76841b08d16a5be3fa32) Importer(2089858483,192608db42251d675da83286b1cce702)
Start importing Assets/PlayingCards/Prefabs/2D/Hearts/Heart_Q.prefab using Guid(96b9e472cd3b76841b08d16a5be3fa32) Importer(2089858483,192608db42251d675da83286b1cce702) (ScriptedImporter)Generated GUIDs only implemented for interfaces!
 -> (artifact id: 'b98ae3401105f19cd2ec61e075a8378b') in 0.0924634 seconds
Number of updated asset objects reloaded before import = 0Number of asset objects unloaded after import = 13

========================================================================
Received Import Request.
  Time since last request: 0.000025 seconds.
  path: Assets/PlayingCards/Prefabs/2D/Clubs/Club_7.prefab
  artifactKey: Guid(dd1e33631f7fb3a49856d11cdca3fb2c) Importer(2089858483,192608db42251d675da83286b1cce702)
Start importing Assets/PlayingCards/Prefabs/2D/Clubs/Club_7.prefab using Guid(dd1e33631f7fb3a49856d11cdca3fb2c) Importer(2089858483,192608db42251d675da83286b1cce702) (ScriptedImporter)Generated GUIDs only implemented for interfaces!
 -> (artifact id: 'ea250d1019aacaeada3ae548cbe575b1') in 0.3422909 seconds
Number of updated asset objects reloaded before import = 0Number of asset objects unloaded after import = 13

========================================================================
Received Import Request.
  Time since last request: 0.000021 seconds.
  path: Assets/PlayingCards/Prefabs/3D/Diamonds/Diamond_K.prefab
  artifactKey: Guid(1ef85d84ac19aa447adbdb438e5c6385) Importer(2089858483,192608db42251d675da83286b1cce702)
Start importing Assets/PlayingCards/Prefabs/3D/Diamonds/Diamond_K.prefab using Guid(1ef85d84ac19aa447adbdb438e5c6385) Importer(2089858483,192608db42251d675da83286b1cce702) (ScriptedImporter)Generated GUIDs only implemented for interfaces!
 -> (artifact id: '29f8809be3ae209382c2d0d7730488b1') in 0.0959683 seconds
Number of updated asset objects reloaded before import = 0Number of asset objects unloaded after import = 7

========================================================================
Received Import Request.
  Time since last request: 0.000023 seconds.
  path: Assets/PlayingCards/Prefabs/2D/Spades/Spade_3.prefab
  artifactKey: Guid(1a7c8e653b7e9ac44946f0a7a5931693) Importer(2089858483,192608db42251d675da83286b1cce702)
Start importing Assets/PlayingCards/Prefabs/2D/Spades/Spade_3.prefab using Guid(1a7c8e653b7e9ac44946f0a7a5931693) Importer(2089858483,192608db42251d675da83286b1cce702) (ScriptedImporter)Generated GUIDs only implemented for interfaces!
 -> (artifact id: '4c03010a4532476ca30cdf856ee922d5') in 0.1744632 seconds
Number of updated asset objects reloaded before import = 0Number of asset objects unloaded after import = 13

========================================================================
Received Import Request.
  Time since last request: 0.000016 seconds.
  path: Assets/PlayingCards/Prefabs/3D/Spades/Spade_K.prefab
  artifactKey: Guid(4e981e328f4886047988b400698c1a83) Importer(2089858483,192608db42251d675da83286b1cce702)
Start importing Assets/PlayingCards/Prefabs/3D/Spades/Spade_K.prefab using Guid(4e981e328f4886047988b400698c1a83) Importer(2089858483,192608db42251d675da83286b1cce702) (ScriptedImporter)Generated GUIDs only implemented for interfaces!
 -> (artifact id: '60a0a286f74a88f25cf10eede7824153') in 0.2399778 seconds
Number of updated asset objects reloaded before import = 0Number of asset objects unloaded after import = 7

========================================================================
Received Import Request.
  Time since last request: 0.000019 seconds.
  path: Assets/FC User Interface SFX [Lite]/SFX/UI Click 3.wav
  artifactKey: Guid(8e3af82deb48243c682a84a0ae603aa7) Importer(2089858483,192608db42251d675da83286b1cce702)
Start importing Assets/FC User Interface SFX [Lite]/SFX/UI Click 3.wav using Guid(8e3af82deb48243c682a84a0ae603aa7) Importer(2089858483,192608db42251d675da83286b1cce702) (ScriptedImporter)Generated GUIDs only implemented for interfaces!
 -> (artifact id: '9ebe4aa965d5b30dafb4aef68726ed3b') in 0.188522 seconds
Number of updated asset objects reloaded before import = 0Number of asset objects unloaded after import = 1

========================================================================
Received Import Request.
  Time since last request: 0.000068 seconds.
  path: Assets/PlayingCards/Models/Etc/PlasticCardBlue.FBX
  artifactKey: Guid(c64b2f72fbebbd945a863a27ac88fd33) Importer(2089858483,192608db42251d675da83286b1cce702)
Start importing Assets/PlayingCards/Models/Etc/PlasticCardBlue.FBX using Guid(c64b2f72fbebbd945a863a27ac88fd33) Importer(2089858483,192608db42251d675da83286b1cce702) (ScriptedImporter)Generated GUIDs only implemented for interfaces!
 -> (artifact id: '98bd46e47641f798d719fa11f63db5b9') in 0.0347721 seconds
Number of updated asset objects reloaded before import = 0Number of asset objects unloaded after import = 9

========================================================================
Received Import Request.
  Time since last request: 0.000018 seconds.
  path: Assets/PlayingCards/Prefabs/3D/Diamonds/Diamond_7.prefab
  artifactKey: Guid(cb4e33bb244e85e41b064116a32bc2e6) Importer(2089858483,192608db42251d675da83286b1cce702)
Start importing Assets/PlayingCards/Prefabs/3D/Diamonds/Diamond_7.prefab using Guid(cb4e33bb244e85e41b064116a32bc2e6) Importer(2089858483,192608db42251d675da83286b1cce702) (ScriptedImporter)Generated GUIDs only implemented for interfaces!
 -> (artifact id: '75ba4150502869e4cd6b6972746b0b72') in 0.2496884 seconds
Number of updated asset objects reloaded before import = 0Number of asset objects unloaded after import = 7

========================================================================
Received Import Request.
  Time since last request: 0.000031 seconds.
  path: Assets/PlayingCards/Prefabs/2D/Clubs/Club_5.prefab
  artifactKey: Guid(8dc9fcfcf62167d4d877011ded59530e) Importer(2089858483,192608db42251d675da83286b1cce702)
Start importing Assets/PlayingCards/Prefabs/2D/Clubs/Club_5.prefab using Guid(8dc9fcfcf62167d4d877011ded59530e) Importer(2089858483,192608db42251d675da83286b1cce702) (ScriptedImporter)Generated GUIDs only implemented for interfaces!
 -> (artifact id: '4da3d6ba3948c9305a85e52bc19e80be') in 0.1332456 seconds
Number of updated asset objects reloaded before import = 0Number of asset objects unloaded after import = 13

========================================================================
Received Import Request.
  Time since last request: 0.000019 seconds.
  path: Assets/PlayingCards/Models/Diamonds/Diamond_A.FBX
  artifactKey: Guid(66ea73c9637952f4795e97f747f0d94d) Importer(2089858483,192608db42251d675da83286b1cce702)
Start importing Assets/PlayingCards/Models/Diamonds/Diamond_A.FBX using Guid(66ea73c9637952f4795e97f747f0d94d) Importer(2089858483,192608db42251d675da83286b1cce702) (ScriptedImporter)Generated GUIDs only implemented for interfaces!
 -> (artifact id: '63a101f1de8d8ba91640cd3d0dd16c38') in 0.0744077 seconds
Number of updated asset objects reloaded before import = 0Number of asset objects unloaded after import = 9

========================================================================
Received Import Request.
  Time since last request: 0.000301 seconds.
  path: Assets/PlayingCards/Prefabs/3D/Diamonds/Diamond_6.prefab
  artifactKey: Guid(cac4f4db493097a4782ab7d5e284871a) Importer(2089858483,192608db42251d675da83286b1cce702)
Start importing Assets/PlayingCards/Prefabs/3D/Diamonds/Diamond_6.prefab using Guid(cac4f4db493097a4782ab7d5e284871a) Importer(2089858483,192608db42251d675da83286b1cce702) (ScriptedImporter)Generated GUIDs only implemented for interfaces!
 -> (artifact id: '227c28c28d773487936fb3d001be9590') in 0.135138 seconds
Number of updated asset objects reloaded before import = 0Number of asset objects unloaded after import = 7

========================================================================
Received Import Request.
  Time since last request: 0.000025 seconds.
  path: Assets/PlayingCards/Prefabs/3D/Hearts/Heart_4.prefab
  artifactKey: Guid(db25b24881cb28a40a8edb4669b7c7c4) Importer(2089858483,192608db42251d675da83286b1cce702)
Start importing Assets/PlayingCards/Prefabs/3D/Hearts/Heart_4.prefab using Guid(db25b24881cb28a40a8edb4669b7c7c4) Importer(2089858483,192608db42251d675da83286b1cce702) (ScriptedImporter)Generated GUIDs only implemented for interfaces!
 -> (artifact id: '8e0491f979b86380e860cf2c89abc42a') in 0.149697 seconds
Number of updated asset objects reloaded before import = 0Number of asset objects unloaded after import = 7

========================================================================
Received Import Request.
  Time since last request: 0.000021 seconds.
  path: Assets/PlayingCards/Models/Clubs/Club_4.FBX
  artifactKey: Guid(e008774d838a41b40a941f294098c66a) Importer(2089858483,192608db42251d675da83286b1cce702)
Start importing Assets/PlayingCards/Models/Clubs/Club_4.FBX using Guid(e008774d838a41b40a941f294098c66a) Importer(2089858483,192608db42251d675da83286b1cce702) (ScriptedImporter)Generated GUIDs only implemented for interfaces!
 -> (artifact id: '8429fe1c622ca85d13fc2658f5989f57') in 0.1762611 seconds
Number of updated asset objects reloaded before import = 0Number of asset objects unloaded after import = 9

========================================================================
Received Import Request.
  Time since last request: 0.000015 seconds.
  path: Assets/PlayingCards/Prefabs/2D/Hearts/Heart_7.prefab
  artifactKey: Guid(ba73849b5b2cc3e46845169888723b12) Importer(2089858483,192608db42251d675da83286b1cce702)
Start importing Assets/PlayingCards/Prefabs/2D/Hearts/Heart_7.prefab using Guid(ba73849b5b2cc3e46845169888723b12) Importer(2089858483,192608db42251d675da83286b1cce702) (ScriptedImporter)Generated GUIDs only implemented for interfaces!
 -> (artifact id: '6f0f0cd1dd2146db9eb64bd5f1896355') in 0.1463299 seconds
Number of updated asset objects reloaded before import = 0Number of asset objects unloaded after import = 13

========================================================================
Received Import Request.
  Time since last request: 0.000024 seconds.
  path: Assets/PlayingCards/Prefabs/3D/Spades/Spade_4.prefab
  artifactKey: Guid(060d071bcd80b9143886c159fe5d7ca4) Importer(2089858483,192608db42251d675da83286b1cce702)
Start importing Assets/PlayingCards/Prefabs/3D/Spades/Spade_4.prefab using Guid(060d071bcd80b9143886c159fe5d7ca4) Importer(2089858483,192608db42251d675da83286b1cce702) (ScriptedImporter)Generated GUIDs only implemented for interfaces!
 -> (artifact id: '94c7aca6e8306a8869da291196892068') in 0.2199744 seconds
Number of updated asset objects reloaded before import = 0Number of asset objects unloaded after import = 7

========================================================================
Received Import Request.
  Time since last request: 0.000022 seconds.
  path: Assets/TextMesh Pro/Fonts/LiberationSans.ttf
  artifactKey: Guid(e3265ab4bf004d28a9537516768c1c75) Importer(2089858483,192608db42251d675da83286b1cce702)
Start importing Assets/TextMesh Pro/Fonts/LiberationSans.ttf using Guid(e3265ab4bf004d28a9537516768c1c75) Importer(2089858483,192608db42251d675da83286b1cce702) (ScriptedImporter)Generated GUIDs only implemented for interfaces!
 -> (artifact id: '4f82d9c47a7e777b3fe732b3dac3faf3') in 0.0400208 seconds
Number of updated asset objects reloaded before import = 0Number of asset objects unloaded after import = 3

========================================================================
Received Import Request.
  Time since last request: 0.000048 seconds.
  path: Assets/Script/GameControl1.cs
  artifactKey: Guid(738cd6f138b3eac4e828d58d74591dc8) Importer(2089858483,192608db42251d675da83286b1cce702)
Start importing Assets/Script/GameControl1.cs using Guid(738cd6f138b3eac4e828d58d74591dc8) Importer(2089858483,192608db42251d675da83286b1cce702) (ScriptedImporter)Generated GUIDs only implemented for interfaces!
 -> (artifact id: '450e2b478f60d4906b5ca1ccc698a00d') in 0.0097581 seconds
Number of updated asset objects reloaded before import = 0Number of asset objects unloaded after import = 0

========================================================================
Received Import Request.
  Time since last request: 0.000102 seconds.
  path: Assets/PlayingCards/Prefabs/3D/Spades/Spade_10.prefab
  artifactKey: Guid(56c0a21762bcba745b00652433f24f60) Importer(2089858483,192608db42251d675da83286b1cce702)
Start importing Assets/PlayingCards/Prefabs/3D/Spades/Spade_10.prefab using Guid(56c0a21762bcba745b00652433f24f60) Importer(2089858483,192608db42251d675da83286b1cce702) (ScriptedImporter)Generated GUIDs only implemented for interfaces!
 -> (artifact id: 'efce12d48cc83c706f5c84e7c62eca9c') in 0.2378812 seconds
Number of updated asset objects reloaded before import = 0Number of asset objects unloaded after import = 7

========================================================================
Received Prepare
Begin MonoManager ReloadAssembly
C:\build\output\Unity-Technologies\mono\mono\metadata\icall.c:1842:
C:\build\output\Unity-Technologies\mono\mono\metadata\icall.c:1842:
C:\build\output\Unity-Technologies\mono\mono\metadata\icall.c:1842:
C:\build\output\Unity-Technologies\mono\mono\metadata\icall.c:1842:
C:\build\output\Unity-Technologies\mono\mono\metadata\icall.c:1842:
C:\build\output\Unity-Technologies\mono\mono\metadata\icall.c:1842:
C:\build\output\Unity-Technologies\mono\mono\metadata\icall.c:1842:
C:\build\output\Unity-Technologies\mono\mono\metadata\icall.c:1842:
C:\build\output\Unity-Technologies\mono\mono\metadata\icall.c:1842:
C:\build\output\Unity-Technologies\mono\mono\metadata\icall.c:1842:
C:\build\output\Unity-Technologies\mono\mono\metadata\icall.c:1842:
C:\build\output\Unity-Technologies\mono\mono\metadata\icall.c:1842:
Symbol file LoadedFromMemory doesn't match image C:\Users\jimmy\Gamesprint_CardMemory_New\CardMemory\Library\PackageCache\com.unity.visualscripting@1.8.0\Editor\VisualScripting.Core\Dependencies\YamlDotNet\Unity.VisualScripting.YamlDotNet.dll
Symbol file LoadedFromMemory doesn't match image C:\Users\jimmy\Gamesprint_CardMemory_New\CardMemory\Library\PackageCache\com.unity.visualscripting@1.8.0\Editor\VisualScripting.Core\Dependencies\DotNetZip\Unity.VisualScripting.IonicZip.dll
- Loaded All Assemblies, in  0.915 seconds
Refreshing native plugins compatible for Editor in 0.87 ms, found 4 plugins.
Native extension for Android target not found
Native extension for WindowsStandalone target not found
Mono: successfully reloaded assembly
- Finished resetting the current domain, in  0.658 seconds
Domain Reload Profiling: 1571ms
	BeginReloadAssembly (272ms)
		ExecutionOrderSort (0ms)
		DisableScriptedObjects (34ms)
		BackupInstance (0ms)
		ReleaseScriptingObjects (0ms)
		CreateAndSetChildDomain (69ms)
	RebuildCommonClasses (87ms)
	RebuildNativeTypeToScriptingClass (16ms)
	initialDomainReloadingComplete (36ms)
	LoadAllAssembliesAndSetupDomain (502ms)
		LoadAssemblies (504ms)
		RebuildTransferFunctionScriptingTraits (0ms)
		AnalyzeDomain (115ms)
			TypeCache.Refresh (6ms)
				TypeCache.ScanAssembly (0ms)
			BuildScriptInfoCaches (103ms)
			ResolveRequiredComponents (4ms)
	FinalizeReload (659ms)
		ReleaseScriptCaches (0ms)
		RebuildScriptCaches (0ms)
		SetupLoadedEditorAssemblies (474ms)
			LogAssemblyErrors (0ms)
			InitializePlatformSupportModulesInManaged (19ms)
			SetLoadedEditorAssemblies (6ms)
			BeforeProcessingInitializeOnLoad (94ms)
			ProcessInitializeOnLoadAttributes (321ms)
			ProcessInitializeOnLoadMethodAttributes (29ms)
			AfterProcessingInitializeOnLoad (5ms)
			EditorAssembliesLoaded (0ms)
		ExecutionOrderSort2 (0ms)
		AwakeInstancesAfterBackupRestoration (7ms)
Refreshing native plugins compatible for Editor in 0.95 ms, found 4 plugins.
Preloading 0 native plugins for Editor in 0.00 ms.
Unloading 0 Unused Serialized files (Serialized files now loaded: 0)
Unloading 4121 unused Assets / (1.0 MB). Loaded Objects now: 4708.
Memory consumption went from 122.0 MB to 121.0 MB.
Total: 4.536300 ms (FindLiveObjects: 0.276800 ms CreateObjectMapping: 0.216300 ms MarkObjects: 3.141000 ms  DeleteObjects: 0.901500 ms)

Prepare: number of updated asset objects reloaded= 0
